CRITICAL - 2023-10-03 09:49:41 --> Class "App\Controllers\Playlist" not found
in APPPATH\Controllers\MusicController.php on line 18.
 1 SYSTEMPATH\CodeIgniter.php(891): App\Controllers\MusicController->__construct()
 2 SYSTEMPATH\CodeIgniter.php(485): CodeIgniter\CodeIgniter->createController()
 3 SYSTEMPATH\CodeIgniter.php(353): CodeIgniter\CodeIgniter->handleRequest(null, Object(Config\Cache), false)
 4 FCPATH\index.php(79): CodeIgniter\CodeIgniter->run()
 5 SYSTEMPATH\Commands\Server\rewrite.php(47): require_once('C:\\laragon\\www\\laboratory2\\public\\index.php')
CRITICAL - 2023-10-03 09:59:35 --> Class "App\Controllers\Music" not found
in APPPATH\Controllers\MusicController.php on line 19.
 1 SYSTEMPATH\CodeIgniter.php(891): App\Controllers\MusicController->__construct()
 2 SYSTEMPATH\CodeIgniter.php(485): CodeIgniter\CodeIgniter->createController()
 3 SYSTEMPATH\CodeIgniter.php(353): CodeIgniter\CodeIgniter->handleRequest(null, Object(Config\Cache), false)
 4 FCPATH\index.php(79): CodeIgniter\CodeIgniter->run()
 5 SYSTEMPATH\Commands\Server\rewrite.php(47): require_once('C:\\laragon\\www\\laboratory2\\public\\index.php')
CRITICAL - 2023-10-03 10:00:18 --> Class "App\Controllers\SongPlaylist" not found
in APPPATH\Controllers\MusicController.php on line 20.
 1 SYSTEMPATH\CodeIgniter.php(891): App\Controllers\MusicController->__construct()
 2 SYSTEMPATH\CodeIgniter.php(485): CodeIgniter\CodeIgniter->createController()
 3 SYSTEMPATH\CodeIgniter.php(353): CodeIgniter\CodeIgniter->handleRequest(null, Object(Config\Cache), false)
 4 FCPATH\index.php(79): CodeIgniter\CodeIgniter->run()
 5 SYSTEMPATH\Commands\Server\rewrite.php(47): require_once('C:\\laragon\\www\\laboratory2\\public\\index.php')
CRITICAL - 2023-10-03 10:00:32 --> Invalid file: "music.php"
in SYSTEMPATH\Exceptions\FrameworkException.php on line 39.
 1 SYSTEMPATH\View\View.php(214): CodeIgniter\Exceptions\FrameworkException::forInvalidFile('music.php')
 2 SYSTEMPATH\Common.php(1188): CodeIgniter\View\View->render('music', [], true)
 3 APPPATH\Controllers\MusicController.php(26): view('music', [...])
 4 SYSTEMPATH\CodeIgniter.php(919): App\Controllers\MusicController->index()
 5 SYSTEMPATH\CodeIgniter.php(494): CodeIgniter\CodeIgniter->runController(Object(App\Controllers\MusicController))
 6 SYSTEMPATH\CodeIgniter.php(353): CodeIgniter\CodeIgniter->handleRequest(null, Object(Config\Cache), false)
 7 FCPATH\index.php(79): CodeIgniter\CodeIgniter->run()
 8 SYSTEMPATH\Commands\Server\rewrite.php(47): require_once('C:\\laragon\\www\\laboratory2\\public\\index.php')
CRITICAL - 2023-10-03 10:02:26 --> Invalid file: "music.php"
in SYSTEMPATH\Exceptions\FrameworkException.php on line 39.
 1 SYSTEMPATH\View\View.php(214): CodeIgniter\Exceptions\FrameworkException::forInvalidFile('music.php')
 2 SYSTEMPATH\Common.php(1188): CodeIgniter\View\View->render('music', [], true)
 3 APPPATH\Controllers\MusicController.php(26): view('music', [...])
 4 SYSTEMPATH\CodeIgniter.php(919): App\Controllers\MusicController->index()
 5 SYSTEMPATH\CodeIgniter.php(494): CodeIgniter\CodeIgniter->runController(Object(App\Controllers\MusicController))
 6 SYSTEMPATH\CodeIgniter.php(353): CodeIgniter\CodeIgniter->handleRequest(null, Object(Config\Cache), false)
 7 FCPATH\index.php(79): CodeIgniter\CodeIgniter->run()
 8 SYSTEMPATH\Commands\Server\rewrite.php(47): require_once('C:\\laragon\\www\\laboratory2\\public\\index.php')
CRITICAL - 2023-10-03 10:04:54 --> Undefined array key "title"
in APPPATH\Views\musics.php on line 67.
 1 APPPATH\Views\musics.php(67): CodeIgniter\Debug\Exceptions->errorHandler(2, 'Undefined array key "title"', 'C:\\laragon\\www\\laboratory2\\app\\Views\\musics.php', 67)
 2 SYSTEMPATH\View\View.php(226): include('C:\\laragon\\www\\laboratory2\\app\\Views\\musics.php')
 3 SYSTEMPATH\View\View.php(229): CodeIgniter\View\View->CodeIgniter\View\{closure}()
 4 SYSTEMPATH\Common.php(1188): CodeIgniter\View\View->render('musics', [], true)
 5 APPPATH\Controllers\MusicController.php(26): view('musics', [...])
 6 SYSTEMPATH\CodeIgniter.php(919): App\Controllers\MusicController->index()
 7 SYSTEMPATH\CodeIgniter.php(494): CodeIgniter\CodeIgniter->runController(Object(App\Controllers\MusicController))
 8 SYSTEMPATH\CodeIgniter.php(353): CodeIgniter\CodeIgniter->handleRequest(null, Object(Config\Cache), false)
 9 FCPATH\index.php(79): CodeIgniter\CodeIgniter->run()
10 SYSTEMPATH\Commands\Server\rewrite.php(47): require_once('C:\\laragon\\www\\laboratory2\\public\\index.php')
